[2025-06-29T07:37:07.256Z] [INFO] 自动备份已安排，下次备份时间: 2025/6/30 02:00:00
[2025-06-29T07:37:07.344Z] [INFO] 用户数据文件已创建
[2025-06-29T07:37:15.095Z] [INFO] 自动备份已安排，下次备份时间: 2025/6/30 02:00:00
[2025-06-29T07:37:29.792Z] [INFO] 自动备份已安排，下次备份时间: 2025/6/30 02:00:00
[2025-06-29T07:37:29.881Z] [INFO] 服务器启动成功 | {"port":"3001","environment":"development","website":"http://localhost:3001","admin":"http://localhost:3001/admin","health":"http://localhost:3001/health","dataPath":"./data/","uploadsPath":"./uploads/"}
[2025-06-29T07:47:04.511Z] [INFO] 自动备份已安排，下次备份时间: 2025/6/30 02:00:00
[2025-06-29T07:47:04.618Z] [INFO] 服务器启动成功 | {"port":3000,"environment":"development","website":"http://localhost:3000","admin":"http://localhost:3000/admin","health":"http://localhost:3000/health","dataPath":"./data/","uploadsPath":"./uploads/"}
[2025-06-29T07:47:10.814Z] [INFO] 自动备份已安排，下次备份时间: 2025/6/30 02:00:00
[2025-06-29T07:47:30.481Z] [INFO] 自动备份已安排，下次备份时间: 2025/6/30 02:00:00
[2025-06-29T07:47:30.575Z] [INFO] 服务器启动成功 | {"port":3000,"environment":"development","website":"http://localhost:3000","admin":"http://localhost:3000/admin","health":"http://localhost:3000/health","dataPath":"./data/","uploadsPath":"./uploads/"}
[2025-06-29T08:03:13.136Z] [INFO] 自动备份已安排，下次备份时间: 2025/6/30 02:00:00
[2025-06-29T08:03:13.226Z] [INFO] 服务器启动成功 | {"port":3000,"environment":"development","website":"http://localhost:3000","admin":"http://localhost:3000/admin","health":"http://localhost:3000/health","dataPath":"./data/","uploadsPath":"./uploads/"}
[2025-06-29T08:03:26.318Z] [INFO] 自动备份已安排，下次备份时间: 2025/6/30 02:00:00
[2025-06-29T08:06:11.680Z] [INFO] 自动备份已安排，下次备份时间: 2025/6/30 02:00:00
[2025-06-29T08:06:11.752Z] [INFO] 服务器启动成功 | {"port":3002,"environment":"development","website":"http://localhost:3002","admin":"http://localhost:3002/admin","health":"http://localhost:3002/health","dataPath":"./data/","uploadsPath":"./uploads/"}
[2025-06-29T08:18:30.025Z] [INFO] 自动备份已安排，下次备份时间: 2025/6/30 02:00:00
[2025-06-29T08:18:30.086Z] [INFO] 服务器启动成功 | {"port":3002,"environment":"development","website":"http://localhost:3002","admin":"http://localhost:3002/admin","health":"http://localhost:3002/health","dataPath":"./data/","uploadsPath":"./uploads/"}
[2025-06-29T08:26:10.087Z] [INFO] 初始管理员用户创建成功 | {"username":"dfjy666","email":"756225598@qq.com","createdAt":"2025-06-29T08:26:10.087Z"}
[2025-06-29T08:26:10.089Z] [INFO] 系统初始化成功 | {"username":"dfjy666","email":"756225598@qq.com","ip":"::1","userAgent":"Mozilla/5.0 (Windows NT 10.0; Win64; x64) AppleWebKit/537.36 (KHTML, like Gecko) Chrome/138.0.0.0 Safari/537.36 Edg/138.0.0.0"}
[2025-06-29T08:26:17.326Z] [INFO] 用户登录成功 | {"username":"dfjy666","rememberMe":true,"loginTime":"2025-06-29T08:26:17.322Z"}
[2025-06-29T08:26:17.327Z] [INFO] 用户登录成功 | {"username":"dfjy666","ip":"::1"}
[2025-06-29T08:31:38.475Z] [INFO] 自动备份已安排，下次备份时间: 2025/6/30 02:00:00
[2025-06-29T08:31:38.553Z] [INFO] 服务器启动成功 | {"port":3002,"environment":"development","website":"http://localhost:3002","admin":"http://localhost:3002/admin","health":"http://localhost:3002/health","dataPath":"./data/","uploadsPath":"./uploads/"}
[2025-06-29T08:32:01.376Z] [INFO] 用户登录成功 | {"username":"dfjy666","rememberMe":true,"loginTime":"2025-06-29T08:32:01.374Z"}
[2025-06-29T08:32:01.377Z] [INFO] 用户登录成功 | {"username":"dfjy666","ip":"::1"}
[2025-06-29T08:35:48.691Z] [INFO] 自动备份已安排，下次备份时间: 2025/6/30 02:00:00
[2025-06-29T08:35:48.792Z] [INFO] 服务器启动成功 | {"port":3002,"environment":"development","website":"http://localhost:3002","admin":"http://localhost:3002/admin","health":"http://localhost:3002/health","dataPath":"./data/","uploadsPath":"./uploads/"}
[2025-06-29T08:36:14.467Z] [INFO] 用户登录成功 | {"username":"dfjy666","rememberMe":true,"loginTime":"2025-06-29T08:36:14.464Z"}
[2025-06-29T08:36:14.468Z] [INFO] 用户登录成功 | {"username":"dfjy666","ip":"::1"}
[2025-06-29T08:36:18.900Z] [INFO] 用户登录成功 | {"username":"dfjy666","rememberMe":true,"loginTime":"2025-06-29T08:36:18.896Z"}
[2025-06-29T08:36:18.901Z] [INFO] 用户登录成功 | {"username":"dfjy666","ip":"::1"}
[2025-06-29T08:36:23.527Z] [INFO] 用户登录成功 | {"username":"dfjy666","rememberMe":true,"loginTime":"2025-06-29T08:36:23.522Z"}
[2025-06-29T08:36:23.528Z] [INFO] 用户登录成功 | {"username":"dfjy666","ip":"::1"}
[2025-06-29T08:41:30.930Z] [INFO] 自动备份已安排，下次备份时间: 2025/6/30 02:00:00
[2025-06-29T08:41:31.019Z] [INFO] 服务器启动成功 | {"port":3002,"environment":"development","website":"http://localhost:3002","admin":"http://localhost:3002/admin","health":"http://localhost:3002/health","dataPath":"./data/","uploadsPath":"./uploads/"}
[2025-06-29T08:42:14.962Z] [INFO] 用户登录成功 | {"username":"dfjy666","rememberMe":false,"loginTime":"2025-06-29T08:42:14.961Z"}
[2025-06-29T08:42:14.963Z] [INFO] 用户登录成功 | {"username":"dfjy666","ip":"::1"}
[2025-06-29T08:42:25.808Z] [INFO] 用户登录成功 | {"username":"dfjy666","rememberMe":true,"loginTime":"2025-06-29T08:42:25.805Z"}
[2025-06-29T08:42:25.809Z] [INFO] 用户登录成功 | {"username":"dfjy666","ip":"::1"}
[2025-06-29T08:42:28.967Z] [INFO] 用户登录成功 | {"username":"dfjy666","rememberMe":true,"loginTime":"2025-06-29T08:42:28.963Z"}
[2025-06-29T08:42:28.968Z] [INFO] 用户登录成功 | {"username":"dfjy666","ip":"::1"}
[2025-06-29T08:42:32.111Z] [INFO] 用户登录成功 | {"username":"dfjy666","rememberMe":true,"loginTime":"2025-06-29T08:42:32.108Z"}
[2025-06-29T08:42:32.115Z] [INFO] 用户登录成功 | {"username":"dfjy666","ip":"::1"}
[2025-06-29T08:42:36.002Z] [INFO] 用户登录成功 | {"username":"dfjy666","rememberMe":true,"loginTime":"2025-06-29T08:42:35.996Z"}
[2025-06-29T08:42:36.003Z] [INFO] 用户登录成功 | {"username":"dfjy666","ip":"::1"}
[2025-06-29T08:42:39.035Z] [INFO] 用户登录成功 | {"username":"dfjy666","rememberMe":true,"loginTime":"2025-06-29T08:42:39.028Z"}
[2025-06-29T08:42:39.036Z] [INFO] 用户登录成功 | {"username":"dfjy666","ip":"::1"}
[2025-06-29T08:42:41.877Z] [INFO] 用户登录成功 | {"username":"dfjy666","rememberMe":true,"loginTime":"2025-06-29T08:42:41.874Z"}
[2025-06-29T08:42:41.879Z] [INFO] 用户登录成功 | {"username":"dfjy666","ip":"::1"}
[2025-06-29T08:43:27.371Z] [INFO] 用户登录成功 | {"username":"dfjy666","rememberMe":true,"loginTime":"2025-06-29T08:43:27.366Z"}
[2025-06-29T08:43:27.373Z] [INFO] 用户登录成功 | {"username":"dfjy666","ip":"::1"}
[2025-06-29T08:43:33.170Z] [INFO] 用户登录成功 | {"username":"dfjy666","rememberMe":true,"loginTime":"2025-06-29T08:43:33.168Z"}
[2025-06-29T08:43:33.172Z] [INFO] 用户登录成功 | {"username":"dfjy666","ip":"::1"}
[2025-06-29T08:45:49.388Z] [INFO] 用户登录成功 | {"username":"dfjy666","rememberMe":true,"loginTime":"2025-06-29T08:45:49.386Z"}
[2025-06-29T08:45:49.389Z] [INFO] 用户登录成功 | {"username":"dfjy666","ip":"::1"}
[2025-06-29T08:45:58.482Z] [INFO] 用户登录成功 | {"username":"dfjy666","rememberMe":true,"loginTime":"2025-06-29T08:45:58.475Z"}
[2025-06-29T08:45:58.483Z] [INFO] 用户登录成功 | {"username":"dfjy666","ip":"::1"}
[2025-06-29T08:46:02.462Z] [INFO] 用户登录成功 | {"username":"dfjy666","rememberMe":true,"loginTime":"2025-06-29T08:46:02.461Z"}
[2025-06-29T08:46:02.464Z] [INFO] 用户登录成功 | {"username":"dfjy666","ip":"::1"}
[2025-06-29T08:47:22.011Z] [INFO] 自动备份已安排，下次备份时间: 2025/6/30 02:00:00
[2025-06-29T08:47:22.088Z] [INFO] 服务器启动成功 | {"port":3002,"environment":"development","website":"http://localhost:3002","admin":"http://localhost:3002/admin","health":"http://localhost:3002/health","dataPath":"./data/","uploadsPath":"./uploads/"}
[2025-06-29T08:47:55.035Z] [INFO] 用户登录成功 | {"username":"dfjy666","rememberMe":true,"loginTime":"2025-06-29T08:47:55.033Z"}
[2025-06-29T08:47:55.037Z] [INFO] 用户登录成功 | {"username":"dfjy666","ip":"::1"}
[2025-06-29T08:47:58.601Z] [INFO] 用户登录成功 | {"username":"dfjy666","rememberMe":true,"loginTime":"2025-06-29T08:47:58.598Z"}
[2025-06-29T08:47:58.606Z] [INFO] 用户登录成功 | {"username":"dfjy666","ip":"::1"}
[2025-06-29T08:50:29.014Z] [INFO] 自动备份已安排，下次备份时间: 2025/6/30 02:00:00
[2025-06-29T08:50:29.118Z] [INFO] 服务器启动成功 | {"port":3002,"environment":"development","website":"http://localhost:3002","admin":"http://localhost:3002/admin","health":"http://localhost:3002/health","dataPath":"./data/","uploadsPath":"./uploads/"}
[2025-06-29T08:50:34.430Z] [INFO] 自动备份已安排，下次备份时间: 2025/6/30 02:00:00
[2025-06-29T08:50:51.759Z] [INFO] 自动备份已安排，下次备份时间: 2025/6/30 02:00:00
[2025-06-29T08:51:26.605Z] [INFO] 自动备份已安排，下次备份时间: 2025/6/30 02:00:00
[2025-06-29T08:51:26.714Z] [INFO] 服务器启动成功 | {"port":3002,"environment":"development","website":"http://localhost:3002","admin":"http://localhost:3002/admin","health":"http://localhost:3002/health","dataPath":"./data/","uploadsPath":"./uploads/"}
[2025-06-29T08:52:01.709Z] [INFO] 用户登录成功 | {"username":"dfjy666","rememberMe":true,"loginTime":"2025-06-29T08:52:01.707Z"}
[2025-06-29T08:52:01.710Z] [INFO] 用户登录成功 | {"username":"dfjy666","ip":"::1"}
[2025-06-29T08:52:09.982Z] [INFO] 用户登录成功 | {"username":"dfjy666","rememberMe":false,"loginTime":"2025-06-29T08:52:09.976Z"}
[2025-06-29T08:52:09.983Z] [INFO] 用户登录成功 | {"username":"dfjy666","ip":"::1"}
[2025-06-29T08:52:14.215Z] [INFO] 用户登录成功 | {"username":"dfjy666","rememberMe":true,"loginTime":"2025-06-29T08:52:14.210Z"}
[2025-06-29T08:52:14.218Z] [INFO] 用户登录成功 | {"username":"dfjy666","ip":"::1"}
[2025-06-29T08:52:17.362Z] [INFO] 用户登录成功 | {"username":"dfjy666","rememberMe":true,"loginTime":"2025-06-29T08:52:17.357Z"}
[2025-06-29T08:52:17.363Z] [INFO] 用户登录成功 | {"username":"dfjy666","ip":"::1"}
[2025-06-29T08:52:20.691Z] [INFO] 用户登录成功 | {"username":"dfjy666","rememberMe":true,"loginTime":"2025-06-29T08:52:20.688Z"}
[2025-06-29T08:52:20.692Z] [INFO] 用户登录成功 | {"username":"dfjy666","ip":"::1"}
[2025-06-29T08:55:10.493Z] [INFO] 自动备份已安排，下次备份时间: 2025/6/30 02:00:00
[2025-06-29T08:55:10.591Z] [INFO] 服务器启动成功 | {"port":3002,"environment":"development","website":"http://localhost:3002","admin":"http://localhost:3002/admin","health":"http://localhost:3002/health","dataPath":"./data/","uploadsPath":"./uploads/"}
[2025-06-29T08:55:40.183Z] [INFO] 用户登录成功 | {"username":"dfjy666","rememberMe":true,"loginTime":"2025-06-29T08:55:40.181Z"}
[2025-06-29T08:55:40.184Z] [INFO] 用户登录成功 | {"username":"dfjy666","ip":"::1"}
[2025-06-29T08:56:12.874Z] [INFO] 用户登录成功 | {"username":"dfjy666","rememberMe":true,"loginTime":"2025-06-29T08:56:12.868Z"}
[2025-06-29T08:56:12.874Z] [INFO] 用户登录成功 | {"username":"dfjy666","ip":"::1"}
[2025-06-29T08:57:58.071Z] [INFO] 自动备份已安排，下次备份时间: 2025/6/30 02:00:00
[2025-06-29T08:58:05.074Z] [INFO] 自动备份已安排，下次备份时间: 2025/6/30 02:00:00
[2025-06-29T08:58:24.022Z] [INFO] 自动备份已安排，下次备份时间: 2025/6/30 02:00:00
[2025-06-29T08:58:24.121Z] [INFO] 服务器启动成功 | {"port":3002,"environment":"development","website":"http://localhost:3002","admin":"http://localhost:3002/admin","health":"http://localhost:3002/health","dataPath":"./data/","uploadsPath":"./uploads/"}
[2025-06-29T08:58:49.201Z] [INFO] 用户登录成功 | {"username":"dfjy666","rememberMe":true,"loginTime":"2025-06-29T08:58:49.198Z"}
[2025-06-29T08:58:49.202Z] [INFO] 用户登录成功 | {"username":"dfjy666","ip":"::1"}
[2025-06-29T08:58:49.283Z] [INFO] 用户登录成功 | {"username":"dfjy666","rememberMe":true,"loginTime":"2025-06-29T08:58:49.280Z"}
[2025-06-29T08:58:49.284Z] [INFO] 用户登录成功 | {"username":"dfjy666","ip":"::1"}
[2025-06-29T08:59:12.928Z] [INFO] 用户登录成功 | {"username":"dfjy666","rememberMe":true,"loginTime":"2025-06-29T08:59:12.922Z"}
[2025-06-29T08:59:12.930Z] [INFO] 用户登录成功 | {"username":"dfjy666","ip":"::1"}
[2025-06-29T08:59:40.450Z] [INFO] 用户登录成功 | {"username":"dfjy666","rememberMe":true,"loginTime":"2025-06-29T08:59:40.443Z"}
[2025-06-29T08:59:40.451Z] [INFO] 用户登录成功 | {"username":"dfjy666","ip":"::1"}
[2025-06-29T08:59:40.543Z] [INFO] 用户登录成功 | {"username":"dfjy666","rememberMe":true,"loginTime":"2025-06-29T08:59:40.535Z"}
[2025-06-29T08:59:40.545Z] [INFO] 用户登录成功 | {"username":"dfjy666","ip":"::1"}
[2025-06-29T09:03:30.076Z] [INFO] 用户登录成功 | {"username":"dfjy666","rememberMe":true,"loginTime":"2025-06-29T09:03:30.072Z"}
[2025-06-29T09:03:30.076Z] [INFO] 用户登录成功 | {"username":"dfjy666","ip":"::1"}
[2025-06-29T09:03:30.080Z] [INFO] 用户登录成功 | {"username":"dfjy666","rememberMe":true,"loginTime":"2025-06-29T09:03:30.078Z"}
[2025-06-29T09:03:30.081Z] [INFO] 用户登录成功 | {"username":"dfjy666","ip":"::1"}
[2025-06-29T09:10:29.935Z] [INFO] 新的联系请求 | {"name":"张博通","phone":"17774202340","ip":"::1"}
[2025-06-29T09:10:29.939Z] [INFO] 新的联系请求 | {"name":"张博通","phone":"17774202340","ip":"::1"}
[2025-06-29T09:14:58.503Z] [INFO] 用户登录成功 | {"username":"dfjy666","rememberMe":true,"loginTime":"2025-06-29T09:14:58.500Z"}
[2025-06-29T09:14:58.505Z] [INFO] 用户登录成功 | {"username":"dfjy666","ip":"::1"}
[2025-06-29T09:14:58.574Z] [INFO] 用户登录成功 | {"username":"dfjy666","rememberMe":true,"loginTime":"2025-06-29T09:14:58.572Z"}
[2025-06-29T09:14:58.575Z] [INFO] 用户登录成功 | {"username":"dfjy666","ip":"::1"}
[2025-06-29T09:15:06.209Z] [INFO] 用户登录成功 | {"username":"dfjy666","rememberMe":false,"loginTime":"2025-06-29T09:15:06.202Z"}
[2025-06-29T09:15:06.210Z] [INFO] 用户登录成功 | {"username":"dfjy666","ip":"::1"}
[2025-06-29T09:15:06.299Z] [INFO] 用户登录成功 | {"username":"dfjy666","rememberMe":false,"loginTime":"2025-06-29T09:15:06.292Z"}
[2025-06-29T09:15:06.301Z] [INFO] 用户登录成功 | {"username":"dfjy666","ip":"::1"}
[2025-06-29T09:15:08.583Z] [INFO] 用户登录成功 | {"username":"dfjy666","rememberMe":false,"loginTime":"2025-06-29T09:15:08.579Z"}
[2025-06-29T09:15:08.584Z] [INFO] 用户登录成功 | {"username":"dfjy666","ip":"::1"}
[2025-06-29T09:15:08.657Z] [INFO] 用户登录成功 | {"username":"dfjy666","rememberMe":false,"loginTime":"2025-06-29T09:15:08.651Z"}
[2025-06-29T09:15:08.659Z] [INFO] 用户登录成功 | {"username":"dfjy666","ip":"::1"}
[2025-06-29T09:17:53.557Z] [INFO] 用户登录成功 | {"username":"dfjy666","rememberMe":false,"loginTime":"2025-06-29T09:17:53.553Z"}
[2025-06-29T09:17:53.557Z] [INFO] 用户登录成功 | {"username":"dfjy666","ip":"::1"}
[2025-06-29T09:17:53.636Z] [INFO] 用户登录成功 | {"username":"dfjy666","rememberMe":false,"loginTime":"2025-06-29T09:17:53.634Z"}
[2025-06-29T09:17:53.637Z] [INFO] 用户登录成功 | {"username":"dfjy666","ip":"::1"}
[2025-06-29T09:18:00.381Z] [INFO] 用户登录成功 | {"username":"dfjy666","rememberMe":true,"loginTime":"2025-06-29T09:18:00.371Z"}
[2025-06-29T09:18:00.382Z] [INFO] 用户登录成功 | {"username":"dfjy666","ip":"::1"}
[2025-06-29T09:18:00.468Z] [INFO] 用户登录成功 | {"username":"dfjy666","rememberMe":true,"loginTime":"2025-06-29T09:18:00.463Z"}
[2025-06-29T09:18:00.469Z] [INFO] 用户登录成功 | {"username":"dfjy666","ip":"::1"}
[2025-06-29T09:19:19.226Z] [INFO] 用户登录成功 | {"username":"dfjy666","rememberMe":false,"loginTime":"2025-06-29T09:19:19.224Z"}
[2025-06-29T09:19:19.227Z] [INFO] 用户登录成功 | {"username":"dfjy666","ip":"::1"}
[2025-06-29T09:19:19.288Z] [INFO] 用户登录成功 | {"username":"dfjy666","rememberMe":false,"loginTime":"2025-06-29T09:19:19.286Z"}
[2025-06-29T09:19:19.289Z] [INFO] 用户登录成功 | {"username":"dfjy666","ip":"::1"}
[2025-06-29T09:19:56.843Z] [INFO] 用户登录成功 | {"username":"dfjy666","rememberMe":false,"loginTime":"2025-06-29T09:19:56.841Z"}
[2025-06-29T09:19:56.844Z] [INFO] 用户登录成功 | {"username":"dfjy666","ip":"::1"}
[2025-06-29T09:19:56.939Z] [INFO] 用户登录成功 | {"username":"dfjy666","rememberMe":false,"loginTime":"2025-06-29T09:19:56.933Z"}
[2025-06-29T09:19:56.940Z] [INFO] 用户登录成功 | {"username":"dfjy666","ip":"::1"}
[2025-06-29T09:23:10.767Z] [INFO] 自动备份已安排，下次备份时间: 2025/6/30 02:00:00
[2025-06-29T09:23:10.839Z] [INFO] 服务器启动成功 | {"port":3002,"environment":"development","website":"http://localhost:3002","admin":"http://localhost:3002/admin","health":"http://localhost:3002/health","dataPath":"./data/","uploadsPath":"./uploads/"}
[2025-06-29T09:24:12.972Z] [INFO] 用户登录成功 | {"username":"dfjy666","rememberMe":false,"loginTime":"2025-06-29T09:24:12.970Z"}
[2025-06-29T09:24:12.973Z] [INFO] 用户登录成功 | {"username":"dfjy666","ip":"::1"}
[2025-06-29T09:24:13.039Z] [INFO] 用户登录成功 | {"username":"dfjy666","rememberMe":false,"loginTime":"2025-06-29T09:24:13.036Z"}
[2025-06-29T09:24:13.040Z] [INFO] 用户登录成功 | {"username":"dfjy666","ip":"::1"}
[2025-06-29T09:33:41.718Z] [INFO] 用户登录成功 | {"username":"dfjy666","rememberMe":false,"loginTime":"2025-06-29T09:33:41.716Z"}
[2025-06-29T09:33:41.718Z] [INFO] 用户登录成功 | {"username":"dfjy666","ip":"::1"}
[2025-06-29T09:33:41.768Z] [INFO] 用户登录成功 | {"username":"dfjy666","rememberMe":false,"loginTime":"2025-06-29T09:33:41.767Z"}
[2025-06-29T09:33:41.769Z] [INFO] 用户登录成功 | {"username":"dfjy666","ip":"::1"}
[2025-06-29T09:33:49.523Z] [INFO] 删除报名记录 | {"id":1751176637002}
[2025-06-29T09:34:01.840Z] [INFO] 删除联系记录 | {"id":1751188229934}
[2025-06-29T09:34:40.327Z] [INFO] 删除报名记录 | {"id":1751078268129}
[2025-06-29T09:37:05.222Z] [INFO] 新的联系请求 | {"name":"张博通","phone":"17774202340","ip":"::1"}
[2025-06-29T09:37:05.226Z] [INFO] 新的联系请求 | {"name":"张博通","phone":"17774202340","ip":"::1"}
[2025-06-29T09:37:15.703Z] [INFO] 删除联系记录 | {"id":1751189825219}
[2025-06-29T09:38:02.810Z] [INFO] 自动备份已安排，下次备份时间: 2025/6/30 02:00:00
[2025-06-29T09:38:02.897Z] [INFO] 服务器启动成功 | {"port":3002,"environment":"development","website":"http://localhost:3002","admin":"http://localhost:3002/admin","health":"http://localhost:3002/health","dataPath":"./data/","uploadsPath":"./uploads/"}
[2025-06-29T09:38:27.409Z] [INFO] 删除联系记录 | {"id":1751189825224}
[2025-06-29T09:41:45.413Z] [INFO] 新的联系请求 | {"name":"张博通","phone":"17774202340","ip":"::1"}
[2025-06-29T09:41:45.416Z] [INFO] 新的联系请求 | {"name":"张博通","phone":"17774202340","ip":"::1"}
[2025-06-29T09:41:53.468Z] [INFO] 新的联系请求 | {"name":"张博通","phone":"17774202340","ip":"::1"}
[2025-06-29T09:41:53.471Z] [INFO] 新的联系请求 | {"name":"张博通","phone":"17774202340","ip":"::1"}
[2025-06-29T09:42:04.326Z] [INFO] 用户登录成功 | {"username":"dfjy666","rememberMe":false,"loginTime":"2025-06-29T09:42:04.324Z"}
[2025-06-29T09:42:04.327Z] [INFO] 用户登录成功 | {"username":"dfjy666","ip":"::1"}
[2025-06-29T09:42:04.395Z] [INFO] 用户登录成功 | {"username":"dfjy666","rememberMe":false,"loginTime":"2025-06-29T09:42:04.392Z"}
[2025-06-29T09:42:04.396Z] [INFO] 用户登录成功 | {"username":"dfjy666","ip":"::1"}
[2025-06-29T09:42:11.346Z] [INFO] 删除联系记录 | {"id":1751190113466}
[2025-06-29T09:42:14.328Z] [INFO] 删除联系记录 | {"id":1751190113470}
[2025-06-29T09:42:21.429Z] [INFO] 删除联系记录 | {"id":1751190105412}
[2025-06-29T09:44:59.223Z] [WARN] 登录失败：密码错误 | {"username":"dfjy666"}
[2025-06-29T09:44:59.224Z] [WARN] 用户登录失败 | {"username":"dfjy666","ip":"::1","reason":"用户名或密码错误"}
[2025-06-29T09:44:59.288Z] [WARN] 登录失败：密码错误 | {"username":"dfjy666"}
[2025-06-29T09:44:59.289Z] [WARN] 用户登录失败 | {"username":"dfjy666","ip":"::1","reason":"用户名或密码错误"}
[2025-06-29T09:45:05.080Z] [INFO] 用户登录成功 | {"username":"dfjy666","rememberMe":true,"loginTime":"2025-06-29T09:45:05.076Z"}
[2025-06-29T09:45:05.081Z] [INFO] 用户登录成功 | {"username":"dfjy666","ip":"::1"}
[2025-06-29T09:45:05.171Z] [INFO] 用户登录成功 | {"username":"dfjy666","rememberMe":true,"loginTime":"2025-06-29T09:45:05.167Z"}
[2025-06-29T09:45:05.173Z] [INFO] 用户登录成功 | {"username":"dfjy666","ip":"::1"}
[2025-06-29T09:46:44.104Z] [INFO] 删除联系记录 | {"id":1751190105415}
[2025-06-29T09:51:42.749Z] [INFO] 新的联系请求 | {"name":"张博通","phone":"17774202340","ip":"::1"}
[2025-06-29T09:51:42.752Z] [INFO] 新的联系请求 | {"name":"张博通","phone":"17774202340","ip":"::1"}
[2025-06-29T09:51:47.637Z] [INFO] 用户登录成功 | {"username":"dfjy666","rememberMe":true,"loginTime":"2025-06-29T09:51:47.632Z"}
[2025-06-29T09:51:47.638Z] [INFO] 用户登录成功 | {"username":"dfjy666","ip":"::1"}
[2025-06-29T09:51:47.710Z] [INFO] 用户登录成功 | {"username":"dfjy666","rememberMe":true,"loginTime":"2025-06-29T09:51:47.706Z"}
[2025-06-29T09:51:47.711Z] [INFO] 用户登录成功 | {"username":"dfjy666","ip":"::1"}
[2025-06-29T12:05:25.931Z] [INFO] 自动备份已安排，下次备份时间: 2025/6/30 02:00:00
[2025-06-29T12:05:25.994Z] [INFO] 服务器启动成功 | {"port":3000,"environment":"development","website":"http://localhost:3000","admin":"http://localhost:3000/admin","health":"http://localhost:3000/health","dataPath":"./data/","uploadsPath":"./uploads/"}
[2025-06-29T12:10:35.318Z] [INFO] 新的联系请求 | {"name":"张博通","phone":"17774202340","ip":"::1"}
[2025-06-29T12:10:35.322Z] [INFO] 新的联系请求 | {"name":"张博通","phone":"17774202340","ip":"::1"}
[2025-06-29T12:12:27.489Z] [INFO] 用户登录成功 | {"username":"dfjy666","rememberMe":false,"loginTime":"2025-06-29T12:12:27.485Z"}
[2025-06-29T12:12:27.490Z] [INFO] 用户登录成功 | {"username":"dfjy666","ip":"::1"}
[2025-06-29T12:12:27.563Z] [INFO] 用户登录成功 | {"username":"dfjy666","rememberMe":false,"loginTime":"2025-06-29T12:12:27.560Z"}
[2025-06-29T12:12:27.564Z] [INFO] 用户登录成功 | {"username":"dfjy666","ip":"::1"}
[2025-06-29T12:13:12.875Z] [INFO] 删除联系记录 | {"id":1751199035317}
[2025-06-29T12:13:21.633Z] [INFO] 删除联系记录 | {"id":1751199035321}
[2025-06-29T12:14:19.750Z] [INFO] 新的联系请求 | {"name":"课前演讲","phone":"15592090373","ip":"::1"}
[2025-06-29T12:14:19.753Z] [INFO] 新的联系请求 | {"name":"课前演讲","phone":"15592090373","ip":"::1"}
[2025-06-29T12:37:41.359Z] [INFO] 删除联系记录 | {"id":1751199259749}
[2025-06-29T12:51:04.082Z] [INFO] 新的联系请求 | {"name":"张博通","phone":"17774202340","ip":"::1"}
[2025-06-29T12:51:04.084Z] [INFO] 新的联系请求 | {"name":"张博通","phone":"17774202340","ip":"::1"}
[2025-06-29T13:05:25.935Z] [INFO] 性能报告 | {"timestamp":"2025-06-29T13:05:25.935Z","requests":{"total":686,"success":684,"error":2,"successRate":"99.71%","avgResponseTime":"3.16ms"},"system":{"cpuUsage":"6.69%","memoryUsage":"39.77%","uptime":"0天 0小时 59分钟 0秒","platform":"win32","nodeVersion":"v24.3.0"},"responseTimes":{"min":"0ms","max":"682ms","median":"1ms","p95":"3ms","p99":"65ms"}}
